Arguments: 
  /usr/local/bin/node /usr/local/bin/yarn install

PATH: 
  /home/kayaba_attribution/.local/bin:/usr/local/sbin:/usr/local/bin:/usr/sbin:/usr/bin:/sbin:/bin:/usr/games:/usr/local/games:/snap/bin:/home/kayaba_attribution/.foundry/bin:/home/kayaba_attribution/.foundry/bin

Yarn version: 
  1.22.17

Node version: 
  14.17.0

Platform: 
  linux x64

Trace: 
  SyntaxError: /home/kayaba_attribution/crypto/Hackatons/XRP NFTs/apps/web/package.json: Unexpected token } in JSON at position 1120
      at JSON.parse (<anonymous>)
      at /usr/local/lib/node_modules/yarn/lib/cli.js:1625:59
      at Generator.next (<anonymous>)
      at step (/usr/local/lib/node_modules/yarn/lib/cli.js:310:30)
      at /usr/local/lib/node_modules/yarn/lib/cli.js:321:13

npm manifest: 
  {
    "name": "web",
    "version": "0.0.1",
    "scripts": {
      "dev": "svelte-kit dev",
      "build": "svelte-kit build",
      "package": "svelte-kit package",
      "preview": "svelte-kit preview",
      "lint": "prettier --ignore-path .gitignore --check --plugin-search-dir=. . && eslint --ignore-path .gitignore .",
      "format": "prettier --ignore-path .gitignore --write --plugin-search-dir=. ."
    },
    "devDependencies": {
      "@sveltejs/adapter-auto": "next",
      "@sveltejs/kit": "next",
      "autoprefixer": "^10.4.2",
      "eslint": "^7.32.0",
      "eslint-config-prettier": "^8.3.0",
      "eslint-plugin-svelte3": "^3.2.1",
      "postcss": "^8.4.6",
      "prettier": "^2.4.1",
      "prettier-plugin-svelte": "^2.4.0",
      "rollup-plugin-replace": "^2.2.0",
      "svelte": "^3.46.0",
      "tailwindcss": "^3.0.19"
    },
    "type": "module",
    "dependencies": {
      "@fontsource/fira-mono": "^4.5.0",
      "Buffer": "^0.0.0",
      "cookie": "^0.4.1",
      "daisyui": "^1.25.4",
      "dotenv": "^16.0.0",
      "mongodb": "^4.4.1",
      "svelte-forms": "^2.2.1",
      "svelte-typewriter": "^3.0.0-alpha.11",
      "theme-change": "^2.0.2",
    }
  }

yarn manifest: 
  No manifest

Lockfile: 
  No lockfile
